************** Ejecución de robot **************
Clínica: Clínica Iopa
Fecha y hora: 05-06-2025 13:14:33
Robot: Robot Contabilidad Web-Scrapping
Cuenta procesada (últimos 4 dígitos): 80-06

Datos encontrados:

     fecha                 detalle_movimiento  deposito_o_abono  cheque_o_cargo  docto._nro. sucursal
04/06/2025 TRASPASO DE:Felipe Ignacio Solis V            373470               0            0 INTERNET
04/06/2025 TRASPASO DE:Luis Humberto Gonzalez            350000               0            0 INTERNET
04/06/2025 TRASPASO DE:COMERCIAL TECNOBRAVO S               500               0            0 INTERNET
04/06/2025 PAGO:Abonos debito y credito Trans           1131669               0            0  CENTRAL
04/06/2025 TRASPASO DE:Victor Jes?uacute?s Ba            790910               0            0 INTERNET
04/06/2025 TRASPASO DE:Marisol Estela Silva H             10000               0            0 INTERNET
04/06/2025 TRASPASO DE:ARCE DUPUY CATHERINE M            969353               0            0 INTERNET
04/06/2025 PAGO:Abonos debito y credito Trans           1237018               0            0  CENTRAL
04/06/2025 TRASPASO DE:Evelyn Del Carmen Jime            350000               0            0 INTERNET
04/06/2025 TRASPASO DE:Victor Jes?uacute?s Ba            440910               0            0 INTERNET
04/06/2025  TRASPASO DE:MARQUEZ SILVA PAULINA            100000               0            0 INTERNET
04/06/2025        PAGO:PROVEEDORES 0995090007           1190418               0            0  CENTRAL
04/06/2025 TRASPASO DE:TRUJILLO ABARCA ROMINA            500000               0            0 INTERNET
04/06/2025 TRASPASO DE:Wladen Mariano Antezan            250000               0            0 INTERNET
04/06/2025 TRASPASO DE:Victor Jes?uacute?s Ba            350000               0            0 INTERNET
04/06/2025 TRASPASO DE:GONZALEZ RUZ JOCELYN C            126300               0            0 INTERNET

************** Fin Ejecución de robot **************

