************** Ejecución de robot **************
Clínica: Clínica Iopa
Fecha y hora: 03-06-2025 18:24:51
Robot: Robot Contabilidad Web-Scrapping
Cuenta procesada (últimos 4 dígitos): 80-06

Datos encontrados:

     fecha                       detalle_movimiento  deposito_o_abono  cheque_o_cargo  docto._nro.        sucursal
02/06/2025 TRASPASO A CUENTA:1780293305                             0        11000000            0 CENTRAL        
02/06/2025 TRASPASO DE:Mario Ignacio Santande                  200000               0            0 INTERNET       
02/06/2025 TRASPASO DE:PASTEN MOLTEDO CARLA I                  100000               0            0 INTERNET       
02/06/2025 TRASPASO DE:Natalia Alexandra Guti                  620100               0            0 INTERNET       
02/06/2025 TRASPASO DE:MARIA JOSE MARTINEZ TO                 1453650               0            0 INTERNET       
02/06/2025 TRASPASO DE:KATTY ANDREA TAPIA BRU                  200000               0            0 INTERNET       
02/06/2025 TRASPASO DE:MARIO IGNACIO SANTANDE                  200000               0            0 INTERNET       
02/06/2025 TRASPASO DE:MUNOZ SANCHEZ FLAVIO A                       1               0            0 INTERNET       
02/06/2025 TRASPASO DE:Elizabeth Rendic Olate                  250000               0            0 INTERNET       
02/06/2025 PAGO:Abonos debito y credito Trans                 1576485               0            0 CENTRAL        
02/06/2025 TRASPASO DE:Natalia Alexandra Guti                  600000               0            0 INTERNET       
02/06/2025 TRASPASO DE:REYES DROGUETT DAYSE M                   10000               0            0 INTERNET       
02/06/2025 PAGO:Abonos debito y credito Trans                  874094               0            0 CENTRAL        
02/06/2025 TRASPASO DE:Marcela Rocio Suarez A                  534826               0            0 INTERNET       
02/06/2025 TRASPASO DE:MARIO IGNACIO SANTANDE                  600000               0            0 INTERNET       
02/06/2025 TRASPASO DE:CORDOVA FLORES SONIA D                  500000               0            0 INTERNET       

************** Fin Ejecución de robot **************

