************** Ejecución de robot **************
Clínica: Clínica Iopa
Fecha y hora: 27-06-2025 09:18:43
Robot: Robot Contabilidad Web-Scrapping
Cuenta procesada (Nro. Cuenta Bancaria - últimos 4 dígitos): 33-05

Datos encontrados:

     fecha                 detalle_movimiento  deposito_o_abono  docto._nro.        sucursal
26/06/2025               DEPOSITO EN EFECTIVO            196210      2953162        OF. BUIN
26/06/2025               DEPOSITO EN EFECTIVO            508910      1975464 OF. NUEVA PROVI
26/06/2025               DEPOSITO EN EFECTIVO            809600      6631938  OF. LA FLORIDA
26/06/2025               DEPOSITO EN EFECTIVO             16770      6631964  OF. LA FLORIDA
26/06/2025               DEPOSITO EN EFECTIVO           2231890      8864843 OF. NUEVA PROVI
26/06/2025               DEPOSITO EN EFECTIVO             81010      1975466 OF. NUEVA PROVI
26/06/2025               DEPOSITO EN EFECTIVO             50000      1975465 OF. NUEVA PROVI
26/06/2025      TRASPASO DE CUENTA:1780098006          14000000            0         CENTRAL
26/06/2025               DEPOSITO EN EFECTIVO            477700      6631939  OF. LA FLORIDA
26/06/2025               DEPOSITO EN EFECTIVO            199159      5823489  OF. LA FLORIDA
26/06/2025 PAGO:Abonos debito y credito Trans          13014273            0         CENTRAL

Total de ingresos: 31.585.522

************** Fin Ejecución de robot **************

